<?xml version="1.0" encoding="UTF-8"?>
<testsuite name="org.apache.hadoop.security.authentication.client.TestKerberosAuthenticator" time="679.088" tests="14" errors="2" skipped="0" failures="0">
  <properties>
[...]
</properties>
  <testcase name="testNotAuthenticated[0]" classname="org.apache.hadoop.security.authentication.client.TestKerberosAuthenticator" time="51.549"/>
  <testcase name="testAuthenticationHttpClient[0]" classname="org.apache.hadoop.security.authentication.client.TestKerberosAuthenticator" time="41.931"/>
  <testcase name="testAuthentication[0]" classname="org.apache.hadoop.security.authentication.client.TestKerberosAuthenticator" time="46.935"/>
  <testcase name="testAuthenticationPost[0]" classname="org.apache.hadoop.security.authentication.client.TestKerberosAuthenticator" time="48.955"/>
  <testcase name="testFallbacktoPseudoAuthenticatorAnonymous[0]" classname="org.apache.hadoop.security.authentication.client.TestKerberosAuthenticator" time="41.891"/>
  <testcase name="testFallbacktoPseudoAuthenticator[0]" classname="org.apache.hadoop.security.authentication.client.TestKerberosAuthenticator" time="45.899"/>
  <testcase name="testAuthenticationHttpClientPost[0]" classname="org.apache.hadoop.security.authentication.client.TestKerberosAuthenticator" time="46.162">
    <error type="org.apache.http.client.ClientProtocolException:">org.apache.http.client.ClientProtocolException: null
	at org.apache.http.impl.client.DefaultRequestDirector.tryExecute(DefaultRequestDirector.java:693)
	at org.apache.http.impl.client.DefaultRequestDirector.execute(DefaultRequestDirector.java:520)
	at org.apache.http.impl.client.AbstractHttpClient.execute(AbstractHttpClient.java:906)
	at org.apache.http.impl.client.AbstractHttpClient.execute(AbstractHttpClient.java:805)
	at org.apache.http.impl.client.AbstractHttpClient.execute(AbstractHttpClient.java:784)
	at org.apache.hadoop.security.authentication.client.AuthenticatorTestCase.doHttpClientRequest(AuthenticatorTestCase.java:265)
	at org.apache.hadoop.security.authentication.client.AuthenticatorTestCase._testAuthenticationHttpClient(AuthenticatorTestCase.java:291)
	at org.apache.hadoop.security.authentication.client.TestKerberosAuthenticator$4.call(TestKerberosAuthenticator.java:160)
	at org.apache.hadoop.security.authentication.client.TestKerberosAuthenticator$4.call(TestKerberosAuthenticator.java:157)
	at org.apache.hadoop.security.authentication.KerberosTestUtils$1.run(KerberosTestUtils.java:102)
	at java.security.AccessController.doPrivileged(Native Method)
	at javax.security.auth.Subject.doAs(Subject.java:422)
	at org.apache.hadoop.security.authentication.KerberosTestUtils.doAs(KerberosTestUtils.java:99)
	at org.apache.hadoop.security.authentication.KerberosTestUtils.doAsClient(KerberosTestUtils.java:115)
	at org.apache.hadoop.security.authentication.client.TestKerberosAuthenticator.testAuthenticationHttpClientPost(TestKerberosAuthenticator.java:157)
</error>
    <system-out><![CDATA[Debug is  true storeKey true useTicketCache true useKeyTab true doNotPrompt true ticketCache is null isInitiator true KeyTab is target\ab2a4806-65ff-4c15-838a-74e20bd8a5bd refreshKrb5Config is true principal is client@EXAMPLE.COM tryFirstPass is false useFirstPass is false storePass is false clearPass is false
Refreshing Kerberos configuration
Acquire TGT from Cache
Principal is client@EXAMPLE.COM
null credentials from Ticket Cache
principal is client@EXAMPLE.COM
Will use keytab
Commit Succeeded 

Running embedded servlet container at: http://localhost:62764
		[Krb5LoginModule]: Entering logout
		[Krb5LoginModule]: logged out Subject
]]></system-out>
    <system-err><![CDATA[2021-02-22 11:12:45,681 INFO  MiniKdc - Configuration:
2021-02-22 11:12:45,681 INFO  MiniKdc - ---------------------------------------------------------------
2021-02-22 11:12:45,681 INFO  MiniKdc -   debug: false
2021-02-22 11:12:45,681 INFO  MiniKdc -   transport: TCP
2021-02-22 11:12:45,681 INFO  MiniKdc -   max.ticket.lifetime: 86400000
2021-02-22 11:12:45,681 INFO  MiniKdc -   org.name: EXAMPLE
2021-02-22 11:12:45,681 INFO  MiniKdc -   kdc.port: 0
2021-02-22 11:12:45,681 INFO  MiniKdc -   org.domain: COM
2021-02-22 11:12:45,681 INFO  MiniKdc -   max.renewable.lifetime: 604800000
2021-02-22 11:12:45,681 INFO  MiniKdc -   instance: DefaultKrbServer
2021-02-22 11:12:45,681 INFO  MiniKdc -   kdc.bind.address: localhost
2021-02-22 11:12:45,681 INFO  MiniKdc - ---------------------------------------------------------------
2021-02-22 11:13:13,708 INFO  KdcServer - Kerberos service started.
2021-02-22 11:13:13,711 INFO  MiniKdc - MiniKdc listening at port: 62723
2021-02-22 11:13:13,711 INFO  MiniKdc - MiniKdc setting JVM krb5.conf to: D:\fpy\study\NX\basecode\hadoop-2.7.0-src\hadoop-common-project\hadoop-auth\target\1613963565681\krb5.conf
2021-02-22 11:13:15,990 INFO  log - jetty-6.1.26
2021-02-22 11:13:15,991 INFO  KerberosAuthenticationHandler - Login using keytab target\ab2a4806-65ff-4c15-838a-74e20bd8a5bd, for principal HTTP/localhost@EXAMPLE.COM
2021-02-22 11:13:15,992 INFO  log - Started SocketConnector@localhost:62764
2021-02-22 11:13:15,998 WARN  ResponseProcessCookies - Invalid cookie header: "Set-Cookie: hadoop.auth=; Expires=???, 01-??-1970 00:00:00 GMT; HttpOnly". Unable to parse expires attribute: ???, 01-??-1970 00:00:00 GMT
2021-02-22 11:13:16,015 WARN  ResponseProcessCookies - Invalid cookie header: "Set-Cookie: hadoop.auth="u=client&p=client@EXAMPLE.COM&t=kerberos&e=1613999596015&s=pePx0/rYmx51ZgQaZLqhItk1ClU="; Expires=???, 22-??-2021 13:13:16 GMT; HttpOnly". Unable to parse expires attribute: ???, 22-??-2021 13:13:16 GMT
2021-02-22 11:13:16,020 WARN  ResponseProcessCookies - Invalid cookie header: "Set-Cookie: hadoop.auth=; Expires=???, 01-??-1970 00:00:00 GMT; HttpOnly". Unable to parse expires attribute: ???, 01-??-1970 00:00:00 GMT
2021-02-22 11:13:16,023 INFO  log - Stopped SocketConnector@localhost:62764
2021-02-22 11:13:16,026 INFO  KdcServer - Kerberos service stopped.
]]></system-err>
  </testcase>
  <testcase name="testNotAuthenticated[1]" classname="org.apache.hadoop.security.authentication.client.TestKerberosAuthenticator" time="57.673"/>
  <testcase name="testAuthenticationHttpClient[1]" classname="org.apache.hadoop.security.authentication.client.TestKerberosAuthenticator" time="50.004"/>
  <testcase name="testAuthentication[1]" classname="org.apache.hadoop.security.authentication.client.TestKerberosAuthenticator" time="79.487"/>
  <testcase name="testAuthenticationPost[1]" classname="org.apache.hadoop.security.authentication.client.TestKerberosAuthenticator" time="43.093"/>
  <testcase name="testFallbacktoPseudoAuthenticatorAnonymous[1]" classname="org.apache.hadoop.security.authentication.client.TestKerberosAuthenticator" time="37.592"/>
  <testcase name="testFallbacktoPseudoAuthenticator[1]" classname="org.apache.hadoop.security.authentication.client.TestKerberosAuthenticator" time="58.466"/>
  <testcase name="testAuthenticationHttpClientPost[1]" classname="org.apache.hadoop.security.authentication.client.TestKerberosAuthenticator" time="29.451">
    <error type="org.apache.http.client.ClientProtocolException:">org.apache.http.client.ClientProtocolException: null
	at org.apache.http.impl.client.DefaultRequestDirector.tryExecute(DefaultRequestDirector.java:693)
	at org.apache.http.impl.client.DefaultRequestDirector.execute(DefaultRequestDirector.java:520)
	at org.apache.http.impl.client.AbstractHttpClient.execute(AbstractHttpClient.java:906)
	at org.apache.http.impl.client.AbstractHttpClient.execute(AbstractHttpClient.java:805)
	at org.apache.http.impl.client.AbstractHttpClient.execute(AbstractHttpClient.java:784)
	at org.apache.hadoop.security.authentication.client.AuthenticatorTestCase.doHttpClientRequest(AuthenticatorTestCase.java:265)
	at org.apache.hadoop.security.authentication.client.AuthenticatorTestCase._testAuthenticationHttpClient(AuthenticatorTestCase.java:291)
	at org.apache.hadoop.security.authentication.client.TestKerberosAuthenticator$4.call(TestKerberosAuthenticator.java:160)
	at org.apache.hadoop.security.authentication.client.TestKerberosAuthenticator$4.call(TestKerberosAuthenticator.java:157)
	at org.apache.hadoop.security.authentication.KerberosTestUtils$1.run(KerberosTestUtils.java:102)
	at java.security.AccessController.doPrivileged(Native Method)
	at javax.security.auth.Subject.doAs(Subject.java:422)
	at org.apache.hadoop.security.authentication.KerberosTestUtils.doAs(KerberosTestUtils.java:99)
	at org.apache.hadoop.security.authentication.KerberosTestUtils.doAsClient(KerberosTestUtils.java:115)
	at org.apache.hadoop.security.authentication.client.TestKerberosAuthenticator.testAuthenticationHttpClientPost(TestKerberosAuthenticator.java:157)
</error>
    <system-out><![CDATA[Debug is  true storeKey true useTicketCache true useKeyTab true doNotPrompt true ticketCache is null isInitiator true KeyTab is target\ab2a4806-65ff-4c15-838a-74e20bd8a5bd refreshKrb5Config is true principal is client@EXAMPLE.COM tryFirstPass is false useFirstPass is false storePass is false clearPass is false
Refreshing Kerberos configuration
Acquire TGT from Cache
Principal is client@EXAMPLE.COM
null credentials from Ticket Cache
principal is client@EXAMPLE.COM
Will use keytab
Commit Succeeded 

		[Krb5LoginModule]: Entering logout
		[Krb5LoginModule]: logged out Subject
]]></system-out>
    <system-err><![CDATA[2021-02-22 11:18:58,158 INFO  MiniKdc - Configuration:
2021-02-22 11:18:58,158 INFO  MiniKdc - ---------------------------------------------------------------
2021-02-22 11:18:58,159 INFO  MiniKdc -   debug: false
2021-02-22 11:18:58,159 INFO  MiniKdc -   transport: TCP
2021-02-22 11:18:58,159 INFO  MiniKdc -   max.ticket.lifetime: 86400000
2021-02-22 11:18:58,159 INFO  MiniKdc -   org.name: EXAMPLE
2021-02-22 11:18:58,159 INFO  MiniKdc -   kdc.port: 0
2021-02-22 11:18:58,159 INFO  MiniKdc -   org.domain: COM
2021-02-22 11:18:58,159 INFO  MiniKdc -   max.renewable.lifetime: 604800000
2021-02-22 11:18:58,159 INFO  MiniKdc -   instance: DefaultKrbServer
2021-02-22 11:18:58,159 INFO  MiniKdc -   kdc.bind.address: localhost
2021-02-22 11:18:58,159 INFO  MiniKdc - ---------------------------------------------------------------
2021-02-22 11:19:17,166 INFO  KdcServer - Kerberos service started.
2021-02-22 11:19:17,170 INFO  MiniKdc - MiniKdc listening at port: 63415
2021-02-22 11:19:17,170 INFO  MiniKdc - MiniKdc setting JVM krb5.conf to: D:\fpy\study\NX\basecode\hadoop-2.7.0-src\hadoop-common-project\hadoop-auth\target\1613963938158\krb5.conf
二月 22, 2021 11:19:18 上午 org.apache.coyote.AbstractProtocol init
信息: Initializing ProtocolHandler ["http-bio-63453"]
二月 22, 2021 11:19:18 上午 org.apache.catalina.core.StandardService startInternal
信息: Starting service Tomcat
二月 22, 2021 11:19:18 上午 org.apache.catalina.core.StandardEngine startInternal
信息: Starting Servlet Engine: Apache Tomcat/7.0.55
2021-02-22 11:19:18,743 INFO  KerberosAuthenticationHandler - Login using keytab target\ab2a4806-65ff-4c15-838a-74e20bd8a5bd, for principal HTTP/localhost@EXAMPLE.COM
二月 22, 2021 11:19:18 上午 org.apache.coyote.AbstractProtocol start
信息: Starting ProtocolHandler ["http-bio-63453"]
2021-02-22 11:19:18,767 WARN  ResponseProcessCookies - Invalid cookie header: "Set-Cookie: hadoop.auth=; Expires=   , 01-  -1970 00:00:00 GMT; HttpOnly". Unable to parse expires attribute: , 01-  -1970 00:00:00 GMT
2021-02-22 11:19:18,796 WARN  ResponseProcessCookies - Invalid cookie header: "Set-Cookie: hadoop.auth="u=client&p=client@EXAMPLE.COM&t=kerberos&e=1613999958795&s=1ARzOl1ytuK0qyz1bPL2wK/Vsyc="; Expires=   , 22-  -2021 13:19:18 GMT; HttpOnly". Unable to parse expires attribute: , 22-  -2021 13:19:18 GMT
2021-02-22 11:19:18,800 WARN  ResponseProcessCookies - Invalid cookie header: "Set-Cookie: hadoop.auth=; Expires=   , 01-  -1970 00:00:00 GMT; HttpOnly". Unable to parse expires attribute: , 01-  -1970 00:00:00 GMT
二月 22, 2021 11:19:18 上午 org.apache.coyote.AbstractProtocol pause
信息: Pausing ProtocolHandler ["http-bio-63453"]
二月 22, 2021 11:19:18 上午 org.apache.catalina.core.StandardService stopInternal
信息: Stopping service Tomcat
二月 22, 2021 11:19:18 上午 org.apache.catalina.loader.WebappClassLoader clearReferencesThreads
严重: The web application [/foo] appears to have started a thread named [pool-56-thread-1] but has failed to stop it. This is very likely to create a memory leak.
二月 22, 2021 11:19:18 上午 org.apache.coyote.AbstractProtocol stop
信息: Stopping ProtocolHandler ["http-bio-63453"]
二月 22, 2021 11:19:18 上午 org.apache.coyote.AbstractProtocol destroy
信息: Destroying ProtocolHandler ["http-bio-63453"]
2021-02-22 11:19:18,862 INFO  KdcServer - Kerberos service stopped.
]]></system-err>
  </testcase>
</testsuite>